0 info it worked if it ends with ok
1 verbose cli [ '/usr/local/bin/node', '/usr/local/bin/npm', 'i', '-g', 'bower' ]
2 info using npm@3.10.10
3 info using node@v6.11.0
4 silly loadCurrentTree Starting
5 silly install loadCurrentTree
6 silly install readGlobalPackageData
7 silly fetchPackageMetaData bower
8 silly fetchNamedPackageData bower
9 silly mapToRegistry name bower
10 silly mapToRegistry using default registry
11 silly mapToRegistry registry https://registry.npm.taobao.org/
12 silly mapToRegistry data Result {
12 silly mapToRegistry   raw: 'bower',
12 silly mapToRegistry   scope: null,
12 silly mapToRegistry   escapedName: 'bower',
12 silly mapToRegistry   name: 'bower',
12 silly mapToRegistry   rawSpec: '',
12 silly mapToRegistry   spec: 'latest',
12 silly mapToRegistry   type: 'tag' }
13 silly mapToRegistry uri https://registry.npm.taobao.org/bower
14 verbose get https://registry.npm.taobao.org/bower not expired, no request
15 silly install normalizeTree
16 silly loadCurrentTree Finishing
17 silly loadIdealTree Starting
18 silly install loadIdealTree
19 silly cloneCurrentTree Starting
20 silly install cloneCurrentTreeToIdealTree
21 silly cloneCurrentTree Finishing
22 silly loadShrinkwrap Starting
23 silly install loadShrinkwrap
24 silly loadShrinkwrap Finishing
25 silly loadAllDepsIntoIdealTree Starting
26 silly install loadAllDepsIntoIdealTree
27 silly resolveWithNewModule bower@1.8.4 checking installable status
28 silly cache add args [ 'bower', null ]
29 verbose cache add spec bower
30 silly cache add parsed spec Result {
30 silly cache add   raw: 'bower',
30 silly cache add   scope: null,
30 silly cache add   escapedName: 'bower',
30 silly cache add   name: 'bower',
30 silly cache add   rawSpec: '',
30 silly cache add   spec: 'latest',
30 silly cache add   type: 'tag' }
31 silly addNamed bower@latest
32 verbose addNamed "latest" is being treated as a dist-tag for bower
33 info addNameTag [ 'bower', 'latest' ]
34 silly mapToRegistry name bower
35 silly mapToRegistry using default registry
36 silly mapToRegistry registry https://registry.npm.taobao.org/
37 silly mapToRegistry data Result {
37 silly mapToRegistry   raw: 'bower',
37 silly mapToRegistry   scope: null,
37 silly mapToRegistry   escapedName: 'bower',
37 silly mapToRegistry   name: 'bower',
37 silly mapToRegistry   rawSpec: '',
37 silly mapToRegistry   spec: 'latest',
37 silly mapToRegistry   type: 'tag' }
38 silly mapToRegistry uri https://registry.npm.taobao.org/bower
39 verbose addNameTag registry:https://registry.npm.taobao.org/bower not in flight; fetching
40 verbose get https://registry.npm.taobao.org/bower not expired, no request
41 silly addNameTag next cb for bower with tag latest
42 silly addNamed bower@1.8.4
43 verbose addNamed "1.8.4" is a plain semver version for bower
44 warn deprecated bower@1.8.4: We don't recommend using Bower for new projects. Please consider Yarn and Webpack or Parcel. You can read how to migrate legacy project here: https://bower.io/blog/2017/how-to-migrate-away-from-bower/
45 silly cache afterAdd bower@1.8.4
46 verbose afterAdd /Users/macmini/.npm/bower/1.8.4/package/package.json not in flight; writing
47 verbose correctMkdir /Users/macmini/.npm correctMkdir not in flight; initializing
48 verbose afterAdd /Users/macmini/.npm/bower/1.8.4/package/package.json written
49 silly loadAllDepsIntoIdealTree Finishing
50 silly loadIdealTree Finishing
51 silly currentTree lib
51 silly currentTree └── bower@1.8.0
52 silly idealTree lib
52 silly idealTree └── bower@1.8.4
53 silly generateActionsToTake Starting
54 silly install generateActionsToTake
55 warn checkPermissions Missing write access to /usr/local/lib/node_modules/bower
56 silly rollbackFailedOptional Starting
57 silly rollbackFailedOptional Finishing
58 silly runTopLevelLifecycles Finishing
59 silly install printInstalled
60 verbose stack Error: EACCES: permission denied, access '/usr/local/lib/node_modules/bower'
60 verbose stack     at Error (native)
61 verbose cwd /Users/macmini/Documents/gitlab
62 error Darwin 16.7.0
63 error argv "/usr/local/bin/node" "/usr/local/bin/npm" "i" "-g" "bower"
64 error node v6.11.0
65 error npm  v3.10.10
66 error path /usr/local/lib/node_modules/bower
67 error code EACCES
68 error errno -13
69 error syscall access
70 error Error: EACCES: permission denied, access '/usr/local/lib/node_modules/bower'
70 error     at Error (native)
70 error  { Error: EACCES: permission denied, access '/usr/local/lib/node_modules/bower'
70 error     at Error (native)
70 error   errno: -13,
70 error   code: 'EACCES',
70 error   syscall: 'access',
70 error   path: '/usr/local/lib/node_modules/bower' }
71 error Please try running this command again as root/Administrator.
72 verbose exit [ -13, true ]
